<?xml version="1.0" encoding="UTF-8"?>
<!-- Generated by org.testng.reporters.JUnitReportReporter -->
<testsuite hostname="LAPTOP-1K0JCF0C" failures="0" tests="1" name="amazonTests.Homepage" time="8.976" errors="0" timestamp="2021-04-27T00:02:33 IST" skipped="0">
  <testcase classname="amazonTests.Homepage" name="amazonLogin" time="8.976"/>
  <system-out/>
</testsuite> <!-- amazonTests.Homepage -->
