<?xml version="1.0" encoding="UTF-8"?>
<!-- Generated by org.testng.reporters.JUnitReportReporter -->
<testsuite hostname="LAPTOP-1K0JCF0C" failures="0" tests="1" name="Loginpage" time="5.991" errors="0" timestamp="2021-04-26T13:48:25 IST" skipped="0">
  <testcase classname="Loginpage" name="amazonLogin" time="5.991"/>
  <system-out/>
</testsuite> <!-- Loginpage -->
