<?xml version="1.0" encoding="UTF-8"?>
<!-- Generated by org.testng.reporters.JUnitReportReporter -->
<testsuite hostname="LAPTOP-1K0JCF0C" failures="0" tests="1" name="amazonTests.Loginpage" time="8.120" errors="0" timestamp="2021-04-26T14:00:32 IST" skipped="0">
  <testcase classname="amazonTests.Loginpage" name="amazonLogin" time="8.120"/>
  <system-out/>
</testsuite> <!-- amazonTests.Loginpage -->
