<?xml version="1.0" encoding="UTF-8"?>
<!-- Generated by org.testng.reporters.JUnitReportReporter -->
<testsuite hostname="LAPTOP-1K0JCF0C" failures="0" tests="1" name="amazonTests.TestHomepage" time="12.752" errors="0" timestamp="29 Apr 2021 12:46:14 GMT" skipped="0">
  <testcase classname="amazonTests.TestHomepage" name="amazonLogin" time="12.752"/>
</testsuite> <!-- amazonTests.TestHomepage -->
